MemoryError

During handling of the above exception, another exception occurred:

MemoryError

During handling of the above exception, another exception occurred:

Traceback (most recent call last):
  File "/data1/XXX/AChecker/src/cfg/cfg.py", line 64, in _hard_xrefs
    succ_addrs, new_succ_addrs = pred.get_succ_addrs_full(self.valid_jump_targets)
  File "/data1/XXX/AChecker/src/cfg/bb.py", line 136, in get_succ_addrs_full
    bs = backward_slice(self.ins[-1], [0], must_visits=self.must_visit)
  File "/data1/XXX/AChecker/src/slicing.py", line 157, in backward_slice
    slices = [r.backward_slice[::-1] for r in
  File "/data1/XXX/AChecker/src/slicing.py", line 157, in <listcomp>
    slices = [r.backward_slice[::-1] for r in
  File "/data1/XXX/AChecker/src/explorer/backward.py", line 130, in traverse_back
    new_todo = generate_sucessors(state, new_data, update_data, predicate=predicate)
  File "/data1/XXX/AChecker/src/explorer/backward.py", line 77, in generate_sucessors
    new_todo.append(BackwardExplorerState(p, new_gas, new_must_visit, new_cost, update_data(new_data, p)))
MemoryError

During handling of the above exception, another exception occurred:

MemoryError

During handling of the above exception, another exception occurred:

MemoryError

During handling of the above exception, another exception occurred:

MemoryError

During handling of the above exception, another exception occurred:

Traceback (most recent call last):
  File "bin/achecker.py", line 423, in <module>
    main()
  File "bin/achecker.py", line 419, in main
    analysis(p, initial_storage, sym_validation =symbolic_validation, mode=mode)
MemoryError
